Microsoft HTML Help Compiler 4.74.8702

Compiling d:\戮충\劤쉔匡숭셸.CHM

c-login.html
help.html
index.html
pic\001.png
pic\002.png
pic\003.png
pic\004.png
pic\005.png
pic\006.png
pic\007.png
pic\008.png
TOC-Created-By-Easy-CHM.HHC
Index-Created-By-Easy-CHM.HHK
C:\Users\蠟嵐츨\AppData\Local\Temp\Easy-CHM-HtmlHelp-Maker.HTML
c:\Users\蠟嵐츨\AppData\Local\Temp\Easy-CHM-HtmlHelp-Maker.GIF
HHC5013: Error: URL reference in the TOC cannot be resolved: "Easy-CHM-HtmlHelp-Maker.HTML".
HHC5013: Error: URL reference in the TOC cannot be resolved: "Easy-CHM-HtmlHelp-Maker.HTML".


The following files were not compiled:
